108 7 3 0
62 4 7 0
110 1 3 0
104 6 6 0
91 5 6 0
45 2 8 0
54 7 8 0
9 5 4 0
89 2 1 0
43 6 2 0
113 1 6 0
97 3 7 0
20 5 1 0
6 2 5 0
24 8 5 0
11 7 2 0
10 5 7 0
100 1 2 0
103 3 8 0
106 6 7 0
14 5 5 0
79 8 1 0
111 7 6 0
2 4 4 0
12 6 3 0
102 1 5 0
22 5 8 0
7 3 6 0
99 2 2 0
39 3 3 0
48 3 5 0
84 4 1 0
85 1 1 0
27 6 4 0
87 3 2 0
60 2 6 0
55 8 2 0
95 7 1 0
96 4 5 0
28 1 4 0
59 7 7 0
30 7 5 0
5 2 3 0
105 8 7 0
94 8 6 0
18 4 2 0
107 6 5 0
3 5 3 0
69 2 7 0
65 8 3 0
50 4 6 0
112 6 8 0
32 5 2 0
41 6 1 0
73 3 1 0
57 7 4 0
77 1 8 0
61 8 8 0
83 4 3 0
70 1 7 0
92 4 8 0
1 3 4 0
80 2 4 0
75 8 4 0
