8 3 15 0
15 4 7 0
7 1 3 0
63 4 8 0
49 2 8 0
66 4 16 0
17 1 16 0
45 3 11 0
19 2 1 0
29 1 15 0
13 4 12 0
61 1 6 0
20 2 12 0
27 3 7 0
40 2 5 0
12 1 11 0
39 2 18 0
32 3 14 0
2 1 2 0
31 1 18 0
9 4 17 0
54 3 17 0
24 4 9 0
56 3 3 0
35 2 9 0
51 3 10 0
71 4 4 0
36 1 14 0
30 3 18 0
62 2 16 0
72 4 13 0
43 1 5 0
44 2 13 0
59 2 17 0
70 3 6 0
68 2 2 0
21 1 10 0
6 4 1 0
28 1 1 0
57 4 18 0
25 4 10 0
3 3 2 0
41 2 6 0
5 3 13 0
60 4 5 0
14 1 13 0
69 4 14 0
55 1 4 0
52 2 10 0
18 3 16 0
65 3 9 0
22 2 3 0
10 1 9 0
37 1 17 0
16 4 2 0
50 2 14 0
47 4 11 0
42 3 5 0
33 2 7 0
34 3 12 0
58 4 6 0
38 1 12 0
4 4 15 0
53 3 1 0
64 2 11 0
48 3 8 0
1 1 8 0
46 4 3 0
11 1 7 0
67 2 15 0
23 3 4 0
26 2 4 0
