142 3 15 0
101 6 9 0
37 1 3 0
82 8 13 0
75 4 8 0
134 7 12 0
27 2 8 0
97 9 8 0
73 5 16 0
141 5 13 0
17 10 15 0
36 6 2 0
34 1 6 0
104 7 11 0
88 2 5 0
90 1 11 0
78 8 5 0
61 5 8 0
23 10 8 0
100 7 4 0
85 6 7 0
146 5 5 0
123 10 7 0
133 3 10 0
65 6 10 0
109 1 14 0
153 8 10 0
115 4 13 0
125 2 13 0
139 9 11 0
143 3 3 0
159 3 16 0
107 6 4 0
128 8 16 0
95 6 15 0
50 1 1 0
127 8 15 0
58 4 10 0
113 7 14 0
3 2 6 0
131 9 14 0
118 3 6 0
121 5 11 0
53 4 5 0
2 10 13 0
60 9 3 0
89 3 5 0
80 4 16 0
103 9 16 0
26 3 9 0
102 2 3 0
9 1 9 0
119 8 7 0
54 4 2 0
83 7 7 0
57 2 14 0
111 9 6 0
51 6 5 0
69 5 3 0
144 10 5 0
44 3 12 0
63 6 8 0
12 1 12 0
64 8 12 0
14 10 16 0
155 4 15 0
130 7 13 0
11 2 11 0
46 9 9 0
45 5 14 0
137 10 14 0
79 6 13 0
108 1 7 0
160 7 6 0
19 7 8 0
96 6 16 0
138 9 12 0
62 8 4 0
151 5 9 0
91 4 7 0
145 3 1 0
7 10 11 0
52 9 1 0
149 6 6 0
10 5 6 0
6 10 6 0
84 3 11 0
48 2 1 0
94 1 15 0
152 8 9 0
66 4 12 0
55 7 16 0
28 2 12 0
129 9 4 0
150 3 7 0
71 5 1 0
41 10 3 0
29 3 14 0
76 6 14 0
106 1 2 0
156 8 14 0
120 7 5 0
42 4 9 0
122 7 15 0
38 2 9 0
1 9 15 0
4 8 1 0
148 1 16 0
74 4 4 0
126 10 12 0
25 6 3 0
5 1 5 0
98 7 2 0
39 7 10 0
93 2 2 0
40 1 10 0
70 8 6 0
116 7 3 0
49 4 1 0
30 10 9 0
135 9 7 0
86 2 16 0
32 5 4 0
43 3 2 0
59 10 4 0
110 3 13 0
124 6 11 0
13 1 13 0
157 8 11 0
154 4 14 0
24 7 1 0
16 2 10 0
158 9 10 0
77 5 15 0
20 1 4 0
68 10 1 0
18 6 12 0
132 4 11 0
105 7 9 0
136 2 7 0
22 9 13 0
15 8 3 0
140 5 10 0
21 4 6 0
99 10 10 0
114 9 2 0
67 3 4 0
81 6 1 0
147 5 7 0
72 8 2 0
92 2 4 0
117 3 8 0
47 1 8 0
33 8 8 0
87 4 3 0
31 2 15 0
8 9 5 0
35 5 2 0
112 5 12 0
56 10 2 0
