102 7 3 0
82 4 7 0
15 1 3 0
57 9 1 0
76 6 6 0
42 5 6 0
98 3 2 0
46 2 1 0
37 6 2 0
58 1 6 0
92 9 4 0
108 3 7 0
72 5 1 0
54 2 5 0
90 8 5 0
28 7 2 0
34 5 7 0
103 1 2 0
51 6 7 0
2 5 5 0
110 8 1 0
13 7 6 0
80 4 4 0
38 6 3 0
5 1 5 0
39 3 6 0
49 2 2 0
22 3 3 0
41 3 5 0
17 4 1 0
91 1 1 0
101 9 7 0
56 6 4 0
1 5 4 0
85 2 6 0
93 8 2 0
100 7 1 0
26 4 5 0
61 9 3 0
44 1 4 0
111 7 7 0
78 7 5 0
65 2 3 0
24 8 7 0
53 8 6 0
75 4 2 0
87 9 6 0
96 6 5 0
79 5 3 0
14 2 7 0
62 8 3 0
105 4 6 0
71 9 2 0
10 3 4 0
18 6 1 0
94 3 1 0
81 7 4 0
88 4 3 0
36 1 7 0
74 9 5 0
60 5 2 0
12 2 4 0
35 8 4 0
