57 5 9 0
30 6 9 0
71 4 4 0
39 3 1 0
61 6 6 0
9 5 6 0
20 2 8 0
56 7 3 0
68 4 7 0
29 7 2 0
35 3 11 0
24 4 12 0
11 1 6 0
45 2 12 0
63 3 7 0
58 6 2 0
79 7 11 0
76 2 5 0
66 1 11 0
43 5 8 0
82 6 12 0
2 1 2 0
81 7 4 0
23 6 3 0
65 6 7 0
25 5 5 0
67 2 9 0
59 1 5 0
34 3 10 0
31 6 10 0
6 5 12 0
75 4 8 0
47 4 5 0
22 1 3 0
53 4 11 0
10 3 6 0
18 2 2 0
8 1 10 0
49 3 3 0
12 3 5 0
41 4 1 0
16 1 1 0
46 4 10 0
5 5 4 0
48 2 6 0
26 3 2 0
72 7 10 0
15 5 11 0
17 6 11 0
14 1 4 0
32 7 7 0
42 2 1 0
33 3 9 0
27 2 3 0
64 1 9 0
4 7 12 0
83 6 8 0
3 4 9 0
28 6 4 0
19 2 10 0
73 7 1 0
21 6 5 0
74 7 9 0
40 2 7 0
70 5 3 0
62 5 10 0
7 4 6 0
37 1 12 0
54 3 4 0
44 6 1 0
36 5 7 0
60 2 11 0
50 5 2 0
80 4 2 0
77 2 4 0
13 3 8 0
38 1 8 0
1 7 5 0
78 4 3 0
55 1 7 0
51 5 1 0
84 3 12 0
69 7 8 0
52 7 6 0
