122 7 3 0
132 6 9 0
139 1 3 0
60 4 8 0
98 2 8 0
143 9 8 0
44 6 2 0
6 1 6 0
58 7 10 0
146 3 7 0
68 2 5 0
42 8 5 0
34 5 8 0
101 10 8 0
90 6 7 0
35 5 5 0
93 10 7 0
30 3 10 0
7 6 10 0
13 8 10 0
130 3 5 0
141 1 1 0
46 4 10 0
70 3 2 0
16 2 6 0
163 8 2 0
165 4 5 0
109 9 3 0
111 1 4 0
161 3 9 0
126 2 3 0
171 1 9 0
78 8 7 0
32 4 2 0
114 9 6 0
120 6 5 0
43 5 3 0
27 10 5 0
131 6 8 0
127 3 1 0
113 9 9 0
89 1 7 0
76 3 4 0
178 2 4 0
103 8 4 0
154 5 9 0
54 4 7 0
2 9 1 0
21 6 6 0
50 5 6 0
123 10 6 0
19 7 7 0
159 2 1 0
133 8 9 0
10 9 4 0
52 5 1 0
63 10 3 0
3 7 2 0
28 1 2 0
26 3 8 0
79 7 5 0
25 4 9 0
129 3 3 0
124 2 9 0
151 8 1 0
37 4 4 0
17 6 3 0
176 1 5 0
47 3 6 0
48 2 2 0
75 1 10 0
142 8 6 0
83 4 1 0
115 10 9 0
91 9 7 0
96 6 4 0
164 5 4 0
121 10 4 0
61 7 1 0
31 2 10 0
172 9 10 0
18 10 1 0
77 7 9 0
12 2 7 0
57 8 3 0
180 5 10 0
36 4 6 0
138 10 10 0
110 9 2 0
84 7 8 0
55 6 1 0
1 5 7 0
64 7 4 0
45 1 8 0
72 8 8 0
117 4 3 0
94 9 5 0
69 5 2 0
87 7 6 0
179 10 2 0
