54 3 15 0
3 1 3 0
19 4 8 0
21 2 8 0
86 5 13 0
63 1 6 0
51 3 7 0
36 2 5 0
11 1 11 0
56 5 8 0
59 5 5 0
46 3 10 0
16 1 14 0
67 4 13 0
15 2 13 0
34 3 16 0
77 1 1 0
33 5 18 0
64 4 10 0
18 3 2 0
73 2 6 0
83 5 11 0
17 4 5 0
89 1 4 0
44 4 16 0
45 3 9 0
32 2 3 0
37 1 9 0
52 4 2 0
35 2 14 0
43 2 17 0
62 5 3 0
90 3 12 0
12 1 12 0
24 5 16 0
69 4 15 0
80 3 1 0
29 2 11 0
20 5 14 0
26 3 18 0
7 1 7 0
49 1 17 0
9 2 4 0
84 5 9 0
72 4 7 0
55 2 18 0
2 5 6 0
8 4 18 0
88 3 11 0
4 2 1 0
85 1 15 0
66 4 12 0
30 2 12 0
58 5 1 0
38 3 17 0
50 3 14 0
6 1 2 0
61 1 18 0
71 4 9 0
47 3 3 0
48 2 9 0
81 1 16 0
10 4 4 0
65 1 5 0
74 3 6 0
42 2 2 0
76 1 10 0
79 4 1 0
31 2 16 0
78 5 4 0
14 3 13 0
28 1 13 0
60 5 17 0
68 4 14 0
27 2 10 0
87 5 15 0
5 4 11 0
13 3 5 0
57 2 7 0
82 5 10 0
53 4 6 0
1 3 4 0
39 5 7 0
40 4 17 0
25 3 8 0
70 1 8 0
41 4 3 0
23 2 15 0
22 5 2 0
75 5 12 0
