44 5 9 0
118 4 7 0
93 1 3 0
16 4 8 0
102 5 6 0
20 2 8 0
65 3 11 0
79 2 1 0
48 4 12 0
105 1 6 0
24 2 12 0
12 6 12 0
115 3 7 0
90 2 5 0
7 1 11 0
76 5 8 0
2 1 2 0
37 3 1 0
39 4 9 0
120 5 5 0
94 2 9 0
110 3 10 0
53 4 4 0
26 5 12 0
41 6 3 0
61 1 5 0
127 3 2 0
55 6 5 0
95 3 6 0
19 2 2 0
86 1 10 0
117 3 3 0
62 5 3 0
25 4 1 0
45 1 1 0
60 4 10 0
103 5 4 0
17 2 6 0
114 6 6 0
1 5 11 0
63 4 5 0
14 6 11 0
4 1 4 0
8 2 10 0
67 6 7 0
33 3 9 0
101 2 3 0
82 1 9 0
27 6 8 0
56 6 1 0
88 3 12 0
50 6 4 0
21 4 11 0
52 3 5 0
23 2 7 0
31 6 9 0
58 5 10 0
84 4 6 0
10 1 12 0
28 5 2 0
70 6 10 0
47 5 7 0
121 2 11 0
38 4 2 0
32 3 8 0
46 1 8 0
34 6 2 0
83 4 3 0
42 1 7 0
51 5 1 0
122 3 4 0
69 2 4 0
