60 7 3 0
37 4 7 270
3 1 3 0
72 6 6 180
51 5 6 270
42 2 8 90
44 6 10 270
75 7 8 0
28 5 4 270
39 2 1 270
9 8 9 270
62 6 2 0
47 1 6 270
76 3 7 180
43 5 1 270
18 2 5 270
80 3 10 0
63 8 5 270
35 5 8 270
56 8 2 270
11 1 2 0
7 7 4 270
73 3 1 270
38 6 7 180
48 5 5 90
33 2 9 180
57 8 1 0
26 7 6 90
4 4 4 90
68 8 10 90
61 6 3 90
5 1 5 180
54 8 8 0
53 7 2 90
58 3 6 270
12 2 2 90
10 1 10 0
30 3 3 180
79 5 3 270
29 4 1 0
1 1 1 90
78 6 4 180
6 3 2 270
69 2 6 0
21 4 9 270
77 4 10 0
65 7 1 180
16 4 5 0
32 7 9 0
41 8 6 0
22 8 3 180
13 1 4 270
67 7 7 90
49 5 9 270
23 7 10 0
55 7 5 0
45 2 3 270
31 1 9 180
15 8 7 0
52 6 8 0
25 4 2 0
27 2 10 90
19 6 5 90
50 3 5 90
17 2 7 0
59 6 9 270
24 5 10 0
71 4 6 90
46 5 2 180
34 6 1 180
14 5 7 0
64 3 8 270
74 1 8 90
40 3 9 90
36 4 3 270
66 1 7 270
20 4 8 270
70 3 4 90
2 2 4 180
8 8 4 0
