44 7 3 90
43 6 9 90
60 1 3 0
14 4 8 180
11 2 8 180
67 9 8 180
54 6 2 270
51 1 6 270
77 7 10 270
49 3 7 0
80 2 5 90
24 8 5 90
65 5 8 270
45 6 7 180
16 5 5 0
74 7 6 0
62 6 10 180
47 8 10 90
21 7 9 180
86 1 1 0
66 4 10 180
42 3 2 180
7 2 6 270
2 8 2 90
87 4 5 270
26 9 3 90
52 1 4 0
83 3 9 180
79 2 3 90
22 1 9 270
3 8 7 270
5 4 2 180
29 9 6 90
46 6 5 0
31 5 3 180
48 6 8 270
89 3 1 0
19 9 9 90
28 1 7 90
55 7 8 0
38 2 4 270
36 8 4 90
53 5 9 180
4 4 7 0
88 9 1 0
56 6 6 0
57 5 6 270
37 7 7 90
17 2 1 180
34 8 9 180
69 9 4 270
90 5 1 90
71 7 2 180
58 1 2 180
84 7 4 0
72 4 9 180
23 3 3 90
64 2 9 90
15 8 1 180
70 4 4 180
27 6 3 180
32 1 5 0
73 8 8 90
6 3 6 180
12 2 2 180
10 1 10 90
76 8 6 0
33 4 1 90
13 9 7 90
68 6 4 270
18 5 4 270
61 7 1 270
20 2 10 270
9 9 10 270
25 3 5 90
30 2 7 270
35 8 3 180
63 5 10 0
78 4 6 90
82 9 2 90
75 3 4 270
39 6 1 0
81 5 7 180
40 3 8 270
8 1 8 0
1 7 5 180
59 4 3 180
85 9 5 270
41 5 2 180
50 3 10 0
