13 7 3 180
171 6 9 90
144 1 3 180
99 4 8 270
18 2 8 90
38 9 8 0
124 6 2 0
106 1 6 180
12 7 10 270
148 3 7 0
54 2 5 180
75 8 5 0
48 5 8 180
98 10 8 270
22 6 7 90
122 5 5 0
45 10 7 270
174 7 6 270
3 6 10 0
93 8 10 270
82 7 9 90
92 1 1 270
162 4 10 90
166 3 2 90
49 2 6 0
72 8 2 270
56 4 5 90
5 9 3 90
40 1 4 90
29 3 9 180
43 2 3 180
78 1 9 270
118 8 7 90
32 4 2 270
168 9 6 90
115 6 5 180
137 5 3 90
84 10 5 0
36 6 8 90
95 3 1 270
146 9 9 0
60 1 7 180
181 7 8 270
90 2 4 270
116 8 4 270
153 5 9 180
51 4 7 0
2 9 1 270
178 6 6 270
8 5 6 180
101 10 6 0
55 7 7 90
113 2 1 270
19 8 9 0
141 9 4 180
65 5 1 180
180 10 3 90
26 7 2 90
111 1 2 0
173 7 4 0
150 4 9 180
126 3 3 90
105 2 9 0
152 8 1 270
34 4 4 180
21 6 3 270
134 1 5 180
117 8 8 90
85 3 6 180
149 2 2 90
10 1 10 270
102 8 6 180
23 4 1 270
107 10 9 270
108 9 7 90
125 6 4 0
63 5 4 0
31 10 4 90
79 7 1 180
20 2 10 270
179 9 10 90
11 10 1 0
87 3 5 270
114 2 7 180
119 8 3 180
155 5 10 0
77 4 6 90
132 10 10 90
59 9 2 180
154 3 4 90
7 6 1 90
47 5 7 270
167 3 8 270
159 1 8 180
74 7 5 90
81 4 3 180
145 9 5 180
64 5 2 90
97 3 10 0
1 10 2 90
